<?xml version="1.0" encoding="UTF-8"?>
<!-- Generated by org.testng.reporters.JUnitReportReporter -->
<testsuite hostname="DESKTOP-LLLGMOJ" failures="0" tests="3" name="advancetestng.GroupExamples" time="0.039" errors="0" timestamp="22 Oct 2022 03:02:00 GMT" skipped="0">
  <testcase classname="advancetestng.GroupExamples" name="testCaseOne" time="0.002"/>
  <testcase classname="advancetestng.GroupExamples" name="testCaseTwo" time="0.003"/>
  <testcase classname="advancetestng.GroupExamples" name="testCaseFour" time="0.034"/>
</testsuite> <!-- advancetestng.GroupExamples -->
