<?xml version="1.0" encoding="UTF-8"?>
<!-- Generated by org.testng.reporters.JUnitReportReporter -->
<testsuite hostname="DESKTOP-LLLGMOJ" failures="0" tests="3" name="basictestng.Sample2" time="0.004" errors="0" timestamp="22 Oct 2022 03:23:35 GMT" skipped="0">
  <testcase classname="basictestng.Sample2" name="testCase2" time="0.001"/>
  <testcase classname="basictestng.Sample2" name="testCase1" time="0.002"/>
  <testcase classname="basictestng.Sample2" name="testCase3" time="0.001"/>
</testsuite> <!-- basictestng.Sample2 -->
