<?xml version="1.0" encoding="UTF-8"?>
<!-- Generated by org.testng.reporters.JUnitReportReporter -->
<testsuite hostname="DESKTOP-LLLGMOJ" failures="0" tests="1" name="datadriventesting.ExcelReading" time="0.892" errors="0" timestamp="21 Oct 2022 03:19:30 GMT" skipped="0">
  <testcase classname="datadriventesting.ExcelReading" name="getDiffTypeOfCellData" time="0.892"/>
</testsuite> <!-- datadriventesting.ExcelReading -->
