<?xml version="1.0" encoding="UTF-8"?>
<!-- Generated by org.testng.reporters.JUnitReportReporter -->
<testsuite hostname="DESKTOP-LLLGMOJ" failures="0" tests="3" name="basictestng.Sample3" time="0.003" errors="0" timestamp="22 Oct 2022 03:21:40 GMT" skipped="0">
  <testcase classname="basictestng.Sample3" name="signUp" time="0.001"/>
  <testcase classname="basictestng.Sample3" name="compose" time="0.001"/>
  <testcase classname="basictestng.Sample3" name="login" time="0.001"/>
</testsuite> <!-- basictestng.Sample3 -->
