<?xml version="1.0" encoding="UTF-8"?>
<!-- Generated by org.testng.reporters.JUnitReportReporter -->
<testsuite hostname="DESKTOP-LLLGMOJ" failures="0" tests="1" name="basictestng.TestCaseDependency" time="0.065" errors="0" timestamp="22 Oct 2022 03:21:40 GMT" skipped="0">
  <testcase classname="basictestng.TestCaseDependency" name="testGoogleLandingPage" time="0.065"/>
</testsuite> <!-- basictestng.TestCaseDependency -->
