<?xml version="1.0" encoding="UTF-8"?>
<!-- Generated by org.testng.reporters.JUnitReportReporter -->
<testsuite hostname="DESKTOP-LLLGMOJ" failures="0" tests="1" name="basictestng.Actitime_Timeout" time="0.206" errors="1" timestamp="22 Oct 2022 03:21:40 GMT" skipped="0">
  <testcase classname="basictestng.Actitime_Timeout" name="openBrowserAndAppURL" time="0.206">
    <error message="Method basictestng.Actitime_Timeout.openBrowserAndAppURL() didn&#039;t finish within the time-out 200" type="org.testng.internal.thread.ThreadTimeoutException">
      <![CDATA[org.testng.internal.thread.ThreadTimeoutException: Method basictestng.Actitime_Timeout.openBrowserAndAppURL() didn't finish within the time-out 200
]]>
    </error>
  </testcase> <!-- openBrowserAndAppURL -->
</testsuite> <!-- basictestng.Actitime_Timeout -->
