<?xml version="1.0" encoding="UTF-8"?>
<!-- Generated by org.testng.reporters.JUnitReportReporter -->
<testsuite hostname="DESKTOP-LLLGMOJ" failures="0" tests="5" name="basictestng.Actitime_InvocationCount" time="0.009" errors="0" timestamp="22 Oct 2022 03:21:40 GMT" skipped="0">
  <testcase classname="basictestng.Actitime_InvocationCount" name="openBrowserAndAppURL" time="0.001"/>
  <testcase classname="basictestng.Actitime_InvocationCount" name="openBrowserAndAppURL" time="0.002"/>
  <testcase classname="basictestng.Actitime_InvocationCount" name="openBrowserAndAppURL" time="0.004"/>
  <testcase classname="basictestng.Actitime_InvocationCount" name="openBrowserAndAppURL" time="0.001"/>
  <testcase classname="basictestng.Actitime_InvocationCount" name="openBrowserAndAppURL" time="0.001"/>
</testsuite> <!-- basictestng.Actitime_InvocationCount -->
