<?xml version="1.0" encoding="UTF-8"?>
<!-- Generated by org.testng.reporters.JUnitReportReporter -->
<testsuite hostname="DESKTOP-LLLGMOJ" failures="0" tests="6" name="advancetestng.DataProviderExample" time="17.193" errors="0" timestamp="22 Oct 2022 03:23:35 GMT" skipped="0">
  <testcase classname="advancetestng.DataProviderExample" name="testLoginOfVtiger" time="8.253"/>
  <testcase classname="advancetestng.DataProviderExample" name="testLoginOfVtiger" time="3.748"/>
  <testcase classname="advancetestng.DataProviderExample" name="setData" time="0.003"/>
  <testcase classname="advancetestng.DataProviderExample" name="setData" time="0.003"/>
  <testcase classname="advancetestng.DataProviderExample" name="setData" time="0.010"/>
  <testcase classname="advancetestng.DataProviderExample" name="testLoginOfVtiger" time="5.176"/>
</testsuite> <!-- advancetestng.DataProviderExample -->
