<?xml version="1.0" encoding="UTF-8"?>
<!-- Generated by org.testng.reporters.JUnitReportReporter -->
<testsuite hostname="DESKTOP-LLLGMOJ" failures="0" tests="1" name="basictestng.Annotations3" time="0.001" errors="0" timestamp="22 Oct 2022 02:47:39 GMT" skipped="0">
  <testcase classname="basictestng.Annotations3" name="taskCreation" time="0.001"/>
</testsuite> <!-- basictestng.Annotations3 -->
