<?xml version="1.0" encoding="UTF-8"?>
<!-- Generated by org.testng.reporters.JUnitReportReporter -->
<testsuite hostname="DESKTOP-LLLGMOJ" failures="0" tests="3" name="basictestng.Sample4" time="0.060" errors="0" timestamp="22 Oct 2022 03:21:40 GMT" skipped="0">
  <testcase classname="basictestng.Sample4" name="c_compose" time="0.001"/>
  <testcase classname="basictestng.Sample4" name="a_signUp" time="0.058"/>
  <testcase classname="basictestng.Sample4" name="b_login" time="0.001"/>
</testsuite> <!-- basictestng.Sample4 -->
