<?xml version="1.0" encoding="UTF-8"?>
<!-- Generated by org.testng.reporters.JUnitReportReporter -->
<testsuite hostname="DESKTOP-LLLGMOJ" failures="0" tests="4" name="basictestng.Actitime" time="8.411" errors="0" timestamp="22 Oct 2022 03:21:40 GMT" skipped="0">
  <testcase classname="basictestng.Actitime" name="c_createTask" time="0.005"/>
  <testcase classname="basictestng.Actitime" name="d_logoutClose" time="0.002"/>
  <testcase classname="basictestng.Actitime" name="a_openBrowserAndAppURL" time="7.981"/>
  <testcase classname="basictestng.Actitime" name="b_login" time="0.423"/>
</testsuite> <!-- basictestng.Actitime -->
