<?xml version="1.0" encoding="UTF-8"?>
<!-- Generated by org.testng.reporters.JUnitReportReporter -->
<testsuite hostname="DESKTOP-LLLGMOJ" failures="0" tests="2" name="advancetestng.ParallelExecutionTest" time="19.650" errors="0" timestamp="22 Oct 2022 03:27:12 GMT" skipped="0">
  <testcase classname="advancetestng.ParallelExecutionTest" name="testLoginOfVtiger" time="7.675"/>
  <testcase classname="advancetestng.ParallelExecutionTest" name="testLoginOfVtiger" time="11.975"/>
</testsuite> <!-- advancetestng.ParallelExecutionTest -->
