<?xml version="1.0" encoding="UTF-8"?>
<!-- Generated by org.testng.reporters.JUnitReportReporter -->
<testsuite hostname="DESKTOP-LLLGMOJ" failures="0" tests="1" name="basictestng.Sample1" time="0.002" errors="0" timestamp="22 Oct 2022 03:21:40 GMT" skipped="0">
  <testcase classname="basictestng.Sample1" name="testCase1" time="0.002"/>
</testsuite> <!-- basictestng.Sample1 -->
