<?xml version="1.0" encoding="UTF-8"?>
<!-- Generated by org.testng.reporters.JUnitReportReporter -->
<testsuite hostname="DESKTOP-LLLGMOJ" failures="0" tests="1" name="basictestng.Annotations2" time="0.003" errors="0" timestamp="22 Oct 2022 02:47:38 GMT" skipped="0">
  <testcase classname="basictestng.Annotations2" name="taskCreation" time="0.003"/>
</testsuite> <!-- basictestng.Annotations2 -->
