<?xml version="1.0" encoding="UTF-8"?>
<!-- Generated by org.testng.reporters.JUnitReportReporter -->
<testsuite hostname="DESKTOP-LLLGMOJ" failures="0" tests="1" name="brokenlinks.BrokenLinkExample2" time="12.872" errors="0" timestamp="28 Oct 2022 03:21:26 GMT" skipped="0">
  <testcase classname="brokenlinks.BrokenLinkExample2" name="testLinks" time="12.872"/>
</testsuite> <!-- brokenlinks.BrokenLinkExample2 -->
