<?xml version="1.0" encoding="UTF-8"?>
<!-- Generated by org.testng.reporters.JUnitReportReporter -->
<testsuite hostname="DESKTOP-LLLGMOJ" failures="0" tests="1" name="jsexamples.Example2" time="9.603" errors="0" timestamp="27 Oct 2022 03:22:25 GMT" skipped="0">
  <testcase classname="jsexamples.Example2" name="testCase1" time="9.603"/>
</testsuite> <!-- jsexamples.Example2 -->
