<?xml version="1.0" encoding="UTF-8"?>
<!-- Generated by org.testng.reporters.JUnitReportReporter -->
<testsuite hostname="DESKTOP-LLLGMOJ" failures="0" tests="1" name="jsexamples.Example1" time="11.199" errors="0" timestamp="27 Oct 2022 03:20:07 GMT" skipped="0">
  <testcase classname="jsexamples.Example1" name="testCase2" time="11.199"/>
</testsuite> <!-- jsexamples.Example1 -->
