<?xml version="1.0" encoding="UTF-8"?>
<!-- Generated by org.testng.reporters.JUnitReportReporter -->
<testsuite hostname="DESKTOP-LLLGMOJ" failures="0" tests="1" name="testngsamples.Annotations3" time="0.021" errors="0" timestamp="22 Oct 2022 02:43:07 GMT" skipped="0">
  <testcase classname="testngsamples.Annotations3" name="deleteTask" time="0.021"/>
</testsuite> <!-- testngsamples.Annotations3 -->
