<?xml version="1.0" encoding="UTF-8"?>
<!-- Generated by org.testng.reporters.JUnitReportReporter -->
<testsuite hostname="DESKTOP-LLLGMOJ" failures="0" tests="4" name="advancetestng.Parameterization" time="8.704" errors="0" timestamp="22 Oct 2022 03:11:39 GMT" skipped="0">
  <testcase classname="advancetestng.Parameterization" name="testCaseTwo" time="0.011"/>
  <testcase classname="advancetestng.Parameterization" name="testCaseThree" time="0.002"/>
  <testcase classname="advancetestng.Parameterization" name="testLoginOfVtiger" time="8.676"/>
  <testcase classname="advancetestng.Parameterization" name="testCaseOne" time="0.015"/>
</testsuite> <!-- advancetestng.Parameterization -->
