<?xml version="1.0" encoding="UTF-8"?>
<!-- Generated by org.testng.reporters.JUnitReportReporter -->
<testsuite hostname="DESKTOP-LLLGMOJ" failures="0" tests="4" name="basictestng.ClassLabelAnnotations" time="0.020" errors="0" timestamp="22 Oct 2022 03:21:40 GMT" skipped="0">
  <testcase classname="basictestng.ClassLabelAnnotations" name="testCase2" time="0.008"/>
  <testcase classname="basictestng.ClassLabelAnnotations" name="testCase4" time="0.009"/>
  <testcase classname="basictestng.ClassLabelAnnotations" name="testCase1" time="0.001"/>
  <testcase classname="basictestng.ClassLabelAnnotations" name="testCase3" time="0.002"/>
</testsuite> <!-- basictestng.ClassLabelAnnotations -->
