<?xml version="1.0" encoding="UTF-8"?>
<!-- Generated by org.testng.reporters.JUnitReportReporter -->
<testsuite hostname="DESKTOP-LLLGMOJ" failures="0" tests="4" name="basictestng.Actitime_Enabled" time="0.004" errors="0" timestamp="22 Oct 2022 03:21:40 GMT" skipped="2">
  <testcase classname="basictestng.Actitime_Enabled" name="createTask" time="0.002"/>
  <testcase classname="basictestng.Actitime_Enabled" name="openBrowserAndAppURL" time="0.002"/>
  <testcase classname="basictestng.Actitime_Enabled" name="login">
    <skipped/>
  </testcase> <!-- login -->
  <testcase classname="basictestng.Actitime_Enabled" name="logoutClose">
    <skipped/>
  </testcase> <!-- logoutClose -->
</testsuite> <!-- basictestng.Actitime_Enabled -->
