<?xml version="1.0" encoding="UTF-8"?>
<!-- Generated by org.testng.reporters.JUnitReportReporter -->
<testsuite hostname="DESKTOP-LLLGMOJ" failures="0" tests="2" name="runner.TestRunner" time="27.771" errors="0" timestamp="2022-10-10T09:38:51 IST" skipped="0">
  <testcase classname="runner.TestRunner" name="runScenario" time="12.231"/>
  <system-out/>
  <testcase classname="runner.TestRunner" name="runScenario" time="15.540"/>
  <system-out/>
</testsuite> <!-- runner.TestRunner -->
